[2026-04-03 07:34:19] local.ERROR: filemtime(): stat failed for /Applications/XAMPP/xamppfiles/htdocs/Web_banhang/.env {"exception":"[object] (ErrorException(code: 0): filemtime(): stat failed for /Applications/XAMPP/xamppfiles/htdocs/Web_banhang/.env at /Applications/XAMPP/xamppfiles/htdocs/Web_banhang/vendor/laravel/framework/src/Illuminate/Foundation/Console/ServeCommand.php:147)
[stacktrace]
#0 /Applications/XAMPP/xamppfiles/htdocs/Web_banhang/vendor/laravel/framework/src/Illuminate/Foundation/Bootstrap/HandleExceptions.php(258): Illuminate\\Foundation\\Bootstrap\\HandleExceptions->handleError(2, 'filemtime(): st...', '/Applications/X...', 147)
#1 [internal function]: Illuminate\\Foundation\\Bootstrap\\HandleExceptions->{closure:Illuminate\\Foundation\\Bootstrap\\HandleExceptions::forwardsTo():257}(2, 'filemtime(): st...', '/Applications/X...', 147)
#2 /Applications/XAMPP/xamppfiles/htdocs/Web_banhang/vendor/laravel/framework/src/Illuminate/Foundation/Console/ServeCommand.php(147): filemtime('/Applications/X...')
#3 /Applications/XAMPP/xamppfiles/htdocs/Web_banhang/vendor/laravel/framework/src/Illuminate/Container/BoundMethod.php(36): Illuminate\\Foundation\\Console\\ServeCommand->handle()
#4 /Applications/XAMPP/xamppfiles/htdocs/Web_banhang/vendor/laravel/framework/src/Illuminate/Container/Util.php(43): Illuminate\\Container\\BoundMethod::{closure:Illuminate\\Container\\BoundMethod::call():35}()
#5 /Applications/XAMPP/xamppfiles/htdocs/Web_banhang/vendor/laravel/framework/src/Illuminate/Container/BoundMethod.php(96): Illuminate\\Container\\Util::unwrapIfClosure(Object(Closure))
#6 /Applications/XAMPP/xamppfiles/htdocs/Web_banhang/vendor/laravel/framework/src/Illuminate/Container/BoundMethod.php(35): Illuminate\\Container\\BoundMethod::callBoundMethod(Object(Illuminate\\Foundation\\Application), Array, Object(Closure))
#7 /Applications/XAMPP/xamppfiles/htdocs/Web_banhang/vendor/laravel/framework/src/Illuminate/Container/Container.php(799): Illuminate\\Container\\BoundMethod::call(Object(Illuminate\\Foundation\\Application), Array, Array, NULL)
#8 /Applications/XAMPP/xamppfiles/htdocs/Web_banhang/vendor/laravel/framework/src/Illuminate/Console/Command.php(280): Illuminate\\Container\\Container->call(Array)
#9 /Applications/XAMPP/xamppfiles/htdocs/Web_banhang/vendor/symfony/console/Command/Command.php(291): Illuminate\\Console\\Command->execute(Object(Symfony\\Component\\Console\\Input\\ArgvInput), Object(Illuminate\\Console\\OutputStyle))
#10 /Applications/XAMPP/xamppfiles/htdocs/Web_banhang/vendor/laravel/framework/src/Illuminate/Console/Command.php(249): Symfony\\Component\\Console\\Command\\Command->run(Object(Symfony\\Component\\Console\\Input\\ArgvInput), Object(Illuminate\\Console\\OutputStyle))
#11 /Applications/XAMPP/xamppfiles/htdocs/Web_banhang/vendor/symfony/console/Application.php(1107): Illuminate\\Console\\Command->run(Object(Symfony\\Component\\Console\\Input\\ArgvInput), Object(Symfony\\Component\\Console\\Output\\ConsoleOutput))
#12 /Applications/XAMPP/xamppfiles/htdocs/Web_banhang/vendor/symfony/console/Application.php(356): Symfony\\Component\\Console\\Application->doRunCommand(Object(Illuminate\\Foundation\\Console\\ServeCommand), Object(Symfony\\Component\\Console\\Input\\ArgvInput), Object(Symfony\\Component\\Console\\Output\\ConsoleOutput))
#13 /Applications/XAMPP/xamppfiles/htdocs/Web_banhang/vendor/symfony/console/Application.php(195): Symfony\\Component\\Console\\Application->doRun(Object(Symfony\\Component\\Console\\Input\\ArgvInput), Object(Symfony\\Component\\Console\\Output\\ConsoleOutput))
#14 /Applications/XAMPP/xamppfiles/htdocs/Web_banhang/vendor/laravel/framework/src/Illuminate/Foundation/Console/Kernel.php(198): Symfony\\Component\\Console\\Application->run(Object(Symfony\\Component\\Console\\Input\\ArgvInput), Object(Symfony\\Component\\Console\\Output\\ConsoleOutput))
#15 /Applications/XAMPP/xamppfiles/htdocs/Web_banhang/vendor/laravel/framework/src/Illuminate/Foundation/Application.php(1235): Illuminate\\Foundation\\Console\\Kernel->handle(Object(Symfony\\Component\\Console\\Input\\ArgvInput), Object(Symfony\\Component\\Console\\Output\\ConsoleOutput))
#16 /Applications/XAMPP/xamppfiles/htdocs/Web_banhang/artisan(16): Illuminate\\Foundation\\Application->handleCommand(Object(Symfony\\Component\\Console\\Input\\ArgvInput))
#17 {main}
"} 
